<?xml version="1.0" encoding="UTF-8"?>
<!-- Generated by org.testng.reporters.JUnitXMLReporter -->
<testsuite ignored="0" hostname="Geeta_Laptop" failures="0" tests="3" name="CREATE User Test" time="8.145" errors="0" timestamp="2025-06-20T14:07:58 IST">
  <testcase classname="com.qa.api.tests.CreateUserTest" name="createUserTest" time="3.095"/>
  <testcase classname="com.qa.api.tests.CreateUserTest" name="createUserwithBuilderTest" time="3.268"/>
  <testcase classname="com.qa.api.tests.CreateUserTest" name="createUserwithJsonFileTest" time="1.089"/>
</testsuite> <!-- CREATE User Test -->
